<?xml version="1.0" encoding="UTF-8"?>
<!-- Generated by org.testng.reporters.JUnitXMLReporter -->
<testsuite hostname="Family-PC" name="Default test" tests="6" failures="0" timestamp="7 Dec 2015 22:07:25 GMT" time="258.33" errors="0">
  <testcase name="amazon_co_uk" time="18.405" classname="tests.Test1"/>
  <testcase name="amazon_com" time="18.344" classname="tests.Test1"/>
  <testcase name="amazon_comSecondEdition" time="18.204" classname="tests.Test1"/>
  <testcase name="ebay" time="24.499" classname="tests.Test1"/>
  <testcase name="packtPub" time="30.085" classname="tests.Test1"/>
  <testcase name="oreilly_com" time="20.911" classname="tests.Test1"/>
</testsuite> <!-- Default test -->
