<?xml version="1.0" encoding="UTF-8"?>
<testng-results skipped="0" failed="0" total="6" passed="6">
  <reporter-output>
  </reporter-output>
  <suite name="Default suite" duration-ms="258330" started-at="2015-12-07T22:03:07Z" finished-at="2015-12-07T22:07:25Z">
    <groups>
    </groups>
    <test name="Default test" duration-ms="258330" started-at="2015-12-07T22:03:07Z" finished-at="2015-12-07T22:07:25Z">
      <class name="tests.Test1">
        <test-method status="PASS" signature="initilise()[pri:0, instance:tests.Test1@58ceff1]" name="initilise" is-config="true" duration-ms="1830" started-at="2015-12-07T22:03:07Z" finished-at="2015-12-07T22:03:08Z">
          <reporter-output>
          </reporter-output>
        </test-method> <!-- initilise -->
        <test-method status="PASS" signature="launch()[pri:0, instance:tests.Test1@58ceff1]" name="launch" is-config="true" duration-ms="26752" started-at="2015-12-07T22:03:08Z" finished-at="2015-12-07T22:03:35Z">
          <reporter-output>
          </reporter-output>
        </test-method> <!-- launch -->
        <test-method status="PASS" signature="amazon_co_uk()[pri:0, instance:tests.Test1@58ceff1]" name="amazon_co_uk" duration-ms="18405" started-at="2015-12-07T22:03:35Z" finished-at="2015-12-07T22:03:54Z">
          <reporter-output>
          </reporter-output>
        </test-method> <!-- amazon_co_uk -->
        <test-method status="PASS" signature="afterMethod()[pri:0, instance:tests.Test1@58ceff1]" name="afterMethod" is-config="true" duration-ms="26" started-at="2015-12-07T22:03:54Z" finished-at="2015-12-07T22:03:54Z">
          <reporter-output>
          </reporter-output>
        </test-method> <!-- afterMethod -->
        <test-method status="PASS" signature="launch()[pri:0, instance:tests.Test1@58ceff1]" name="launch" is-config="true" duration-ms="18481" started-at="2015-12-07T22:03:54Z" finished-at="2015-12-07T22:04:12Z">
          <reporter-output>
          </reporter-output>
        </test-method> <!-- launch -->
        <test-method status="PASS" signature="amazon_com()[pri:0, instance:tests.Test1@58ceff1]" name="amazon_com" duration-ms="18344" started-at="2015-12-07T22:04:12Z" finished-at="2015-12-07T22:04:30Z">
          <reporter-output>
          </reporter-output>
        </test-method> <!-- amazon_com -->
        <test-method status="PASS" signature="afterMethod()[pri:0, instance:tests.Test1@58ceff1]" name="afterMethod" is-config="true" duration-ms="23" started-at="2015-12-07T22:04:31Z" finished-at="2015-12-07T22:04:31Z">
          <reporter-output>
          </reporter-output>
        </test-method> <!-- afterMethod -->
        <test-method status="PASS" signature="launch()[pri:0, instance:tests.Test1@58ceff1]" name="launch" is-config="true" duration-ms="31836" started-at="2015-12-07T22:04:31Z" finished-at="2015-12-07T22:05:02Z">
          <reporter-output>
          </reporter-output>
        </test-method> <!-- launch -->
        <test-method status="PASS" signature="amazon_comSecondEdition()[pri:0, instance:tests.Test1@58ceff1]" name="amazon_comSecondEdition" duration-ms="18204" started-at="2015-12-07T22:05:02Z" finished-at="2015-12-07T22:05:21Z">
          <reporter-output>
          </reporter-output>
        </test-method> <!-- amazon_comSecondEdition -->
        <test-method status="PASS" signature="afterMethod()[pri:0, instance:tests.Test1@58ceff1]" name="afterMethod" is-config="true" duration-ms="20" started-at="2015-12-07T22:05:21Z" finished-at="2015-12-07T22:05:21Z">
          <reporter-output>
          </reporter-output>
        </test-method> <!-- afterMethod -->
        <test-method status="PASS" signature="launch()[pri:0, instance:tests.Test1@58ceff1]" name="launch" is-config="true" duration-ms="16656" started-at="2015-12-07T22:05:21Z" finished-at="2015-12-07T22:05:37Z">
          <reporter-output>
          </reporter-output>
        </test-method> <!-- launch -->
        <test-method status="PASS" signature="ebay()[pri:0, instance:tests.Test1@58ceff1]" name="ebay" duration-ms="24499" started-at="2015-12-07T22:05:37Z" finished-at="2015-12-07T22:06:02Z">
          <reporter-output>
          </reporter-output>
        </test-method> <!-- ebay -->
        <test-method status="PASS" signature="afterMethod()[pri:0, instance:tests.Test1@58ceff1]" name="afterMethod" is-config="true" duration-ms="43" started-at="2015-12-07T22:06:02Z" finished-at="2015-12-07T22:06:02Z">
          <reporter-output>
          </reporter-output>
        </test-method> <!-- afterMethod -->
        <test-method status="PASS" signature="launch()[pri:0, instance:tests.Test1@58ceff1]" name="launch" is-config="true" duration-ms="18066" started-at="2015-12-07T22:06:02Z" finished-at="2015-12-07T22:06:20Z">
          <reporter-output>
          </reporter-output>
        </test-method> <!-- launch -->
        <test-method status="PASS" signature="packtPub()[pri:0, instance:tests.Test1@58ceff1]" name="packtPub" duration-ms="30085" started-at="2015-12-07T22:06:20Z" finished-at="2015-12-07T22:06:50Z">
          <reporter-output>
          </reporter-output>
        </test-method> <!-- packtPub -->
        <test-method status="PASS" signature="afterMethod()[pri:0, instance:tests.Test1@58ceff1]" name="afterMethod" is-config="true" duration-ms="50" started-at="2015-12-07T22:06:50Z" finished-at="2015-12-07T22:06:50Z">
          <reporter-output>
          </reporter-output>
        </test-method> <!-- afterMethod -->
        <test-method status="PASS" signature="launch()[pri:0, instance:tests.Test1@58ceff1]" name="launch" is-config="true" duration-ms="13976" started-at="2015-12-07T22:06:50Z" finished-at="2015-12-07T22:07:04Z">
          <reporter-output>
          </reporter-output>
        </test-method> <!-- launch -->
        <test-method status="PASS" signature="oreilly_com()[pri:0, instance:tests.Test1@58ceff1]" name="oreilly_com" duration-ms="20911" started-at="2015-12-07T22:07:04Z" finished-at="2015-12-07T22:07:25Z">
          <reporter-output>
          </reporter-output>
        </test-method> <!-- oreilly_com -->
        <test-method status="PASS" signature="afterMethod()[pri:0, instance:tests.Test1@58ceff1]" name="afterMethod" is-config="true" duration-ms="26" started-at="2015-12-07T22:07:25Z" finished-at="2015-12-07T22:07:25Z">
          <reporter-output>
          </reporter-output>
        </test-method> <!-- afterMethod -->
        <test-method status="PASS" signature="afterClass()[pri:0, instance:tests.Test1@58ceff1]" name="afterClass" is-config="true" duration-ms="0" started-at="2015-12-07T22:07:25Z" finished-at="2015-12-07T22:07:25Z">
          <reporter-output>
          </reporter-output>
        </test-method> <!-- afterClass -->
      </class> <!-- tests.Test1 -->
    </test> <!-- Default test -->
  </suite> <!-- Default suite -->
</testng-results>
